Traceback (most recent call last):
  File "/home/tianyu/YouTube_Data_Science/time_series/src/data_pipeline.py", line 90, in <module>
    main()
  File "/home/tianyu/YouTube_Data_Science/time_series/src/data_pipeline.py", line 85, in main
    csv_file = get_channel_videos_14_days_ago(channel_id)
  File "/home/tianyu/YouTube_Data_Science/time_series/src/data_pipeline.py", line 71, in get_channel_videos_14_days_ago
    with open(csv_file, 'a', newline='') as file:
FileNotFoundError: [Errno 2] No such file or directory: '../videos/2024-04-15.csv'
Traceback (most recent call last):
  File "/home/tianyu/YouTube_Data_Science/time_series/src/data_pipeline.py", line 96, in <module>
    main()
  File "/home/tianyu/YouTube_Data_Science/time_series/src/data_pipeline.py", line 91, in main
    csv_file = get_channel_videos_14_days_ago(channel_id)
  File "/home/tianyu/YouTube_Data_Science/time_series/src/data_pipeline.py", line 75, in get_channel_videos_14_days_ago
    with open(csv_file, 'w', newline='') as file:
FileNotFoundError: [Errno 2] No such file or directory: '../videos/2024-04-15.csv'
21 videos saved to /home/tianyu/YouTube_Data_Science/time_series/videos/2024-04-15.csv from 2024-04-15.
Videos from ABCNews saved to /home/tianyu/YouTube_Data_Science/time_series/videos/2024-04-15.csv.
36 videos saved to /home/tianyu/YouTube_Data_Science/time_series/videos/2024-04-15.csv from 2024-04-15.
Videos from FoxNews saved to /home/tianyu/YouTube_Data_Science/time_series/videos/2024-04-15.csv.
17 videos saved to /home/tianyu/YouTube_Data_Science/time_series/videos/2024-04-15.csv from 2024-04-15.
Videos from CNN saved to /home/tianyu/YouTube_Data_Science/time_series/videos/2024-04-15.csv.
36 videos saved to /home/tianyu/YouTube_Data_Science/time_series/videos/2024-04-15.csv from 2024-04-15.
Videos from NBCNews saved to /home/tianyu/YouTube_Data_Science/time_series/videos/2024-04-15.csv.
16 videos saved to /home/tianyu/YouTube_Data_Science/time_series/videos/2024-04-15.csv from 2024-04-15.
Videos from BBCNews saved to /home/tianyu/YouTube_Data_Science/time_series/videos/2024-04-15.csv.
38 videos saved to /home/tianyu/YouTube_Data_Science/time_series/videos/2024-04-15.csv from 2024-04-15.
Videos from aljazeeraenglish saved to /home/tianyu/YouTube_Data_Science/time_series/videos/2024-04-15.csv.
21 videos saved to /home/tianyu/YouTube_Data_Science/time_series/videos/2024-04-15.csv from 2024-04-15.
Videos from ABCNews saved to /home/tianyu/YouTube_Data_Science/time_series/videos/2024-04-15.csv.
36 videos saved to /home/tianyu/YouTube_Data_Science/time_series/videos/2024-04-15.csv from 2024-04-15.
Videos from FoxNews saved to /home/tianyu/YouTube_Data_Science/time_series/videos/2024-04-15.csv.
17 videos saved to /home/tianyu/YouTube_Data_Science/time_series/videos/2024-04-15.csv from 2024-04-15.
Videos from CNN saved to /home/tianyu/YouTube_Data_Science/time_series/videos/2024-04-15.csv.
36 videos saved to /home/tianyu/YouTube_Data_Science/time_series/videos/2024-04-15.csv from 2024-04-15.
Videos from NBCNews saved to /home/tianyu/YouTube_Data_Science/time_series/videos/2024-04-15.csv.
16 videos saved to /home/tianyu/YouTube_Data_Science/time_series/videos/2024-04-15.csv from 2024-04-15.
Videos from BBCNews saved to /home/tianyu/YouTube_Data_Science/time_series/videos/2024-04-15.csv.
38 videos saved to /home/tianyu/YouTube_Data_Science/time_series/videos/2024-04-15.csv from 2024-04-15.
Videos from aljazeeraenglish saved to /home/tianyu/YouTube_Data_Science/time_series/videos/2024-04-15.csv.
21 videos saved to /home/tianyu/YouTube_Data_Science/time_series/videos/2024-04-15.csv from 2024-04-15.
Videos from ABCNews saved to /home/tianyu/YouTube_Data_Science/time_series/videos/2024-04-15.csv.
36 videos saved to /home/tianyu/YouTube_Data_Science/time_series/videos/2024-04-15.csv from 2024-04-15.
Videos from FoxNews saved to /home/tianyu/YouTube_Data_Science/time_series/videos/2024-04-15.csv.
17 videos saved to /home/tianyu/YouTube_Data_Science/time_series/videos/2024-04-15.csv from 2024-04-15.
Videos from CNN saved to /home/tianyu/YouTube_Data_Science/time_series/videos/2024-04-15.csv.
36 videos saved to /home/tianyu/YouTube_Data_Science/time_series/videos/2024-04-15.csv from 2024-04-15.
Videos from NBCNews saved to /home/tianyu/YouTube_Data_Science/time_series/videos/2024-04-15.csv.
16 videos saved to /home/tianyu/YouTube_Data_Science/time_series/videos/2024-04-15.csv from 2024-04-15.
Videos from BBCNews saved to /home/tianyu/YouTube_Data_Science/time_series/videos/2024-04-15.csv.
38 videos saved to /home/tianyu/YouTube_Data_Science/time_series/videos/2024-04-15.csv from 2024-04-15.
Videos from aljazeeraenglish saved to /home/tianyu/YouTube_Data_Science/time_series/videos/2024-04-15.csv.
